<?xml version="1.0" encoding="UTF-8"?>
<!-- Generated by org.testng.reporters.JUnitReportReporter -->
<testsuite skipped="4" hostname="DESKTOP-GHPCFP7" name="com.Scripts.Shop" tests="5" failures="0" timestamp="2021-04-16T13:07:34 IST" time="81.231" errors="0">
  <testcase name="order_reference" time="81.231" classname="com.Scripts.Shop"/>
  <system-out/>
  <testcase name="adding_products_to_cart" classname="com.Scripts.Shop">
    <skipped/>
  </testcase> <!-- adding_products_to_cart -->
  <system-out/>
  <testcase name="view_and_placeorder" classname="com.Scripts.Shop">
    <skipped/>
  </testcase> <!-- view_and_placeorder -->
  <system-out/>
  <testcase name="product_Search" classname="com.Scripts.Shop">
    <skipped/>
  </testcase> <!-- product_Search -->
  <system-out/>
  <testcase name="login" classname="com.Scripts.Shop">
    <skipped/>
  </testcase> <!-- login -->
  <system-out/>
</testsuite> <!-- com.Scripts.Shop -->
