<?xml version="1.0" encoding="UTF-8"?>
<!-- Generated by org.testng.reporters.JUnitReportReporter -->
<testsuite hostname="DESKTOP-H3SNJHA" failures="0" tests="5" name="com.Scripts.Shop" time="131.608" errors="0" timestamp="2021-04-16T14:58:13 IST" skipped="4">
  <testcase classname="com.Scripts.Shop" name="order_reference" time="131.608"/>
  <system-out/>
  <testcase classname="com.Scripts.Shop" name="adding_products_to_cart">
    <skipped/>
  </testcase> <!-- adding_products_to_cart -->
  <system-out/>
  <testcase classname="com.Scripts.Shop" name="view_and_placeorder">
    <skipped/>
  </testcase> <!-- view_and_placeorder -->
  <system-out/>
  <testcase classname="com.Scripts.Shop" name="product_Search">
    <skipped/>
  </testcase> <!-- product_Search -->
  <system-out/>
  <testcase classname="com.Scripts.Shop" name="login">
    <skipped/>
  </testcase> <!-- login -->
  <system-out/>
</testsuite> <!-- com.Scripts.Shop -->
